<?xml version="1.0" encoding="UTF-8"?>
<!-- Generated by org.testng.reporters.JUnitXMLReporter -->
<testsuite hostname="Avirajs-MacBook-Air.local" failures="0" tests="2" name="Default test" time="0.066" errors="0" timestamp="7 Apr 2022 09:48:59 GMT">
  <testcase classname="Heirachy.HC_Company_Creation_01" name="@BeforeTest launchApplication" time="0.0">
    <failure type="org.testng.TestNGException" message="
Parameter &amp;apos;browser&amp;apos; is required by @Configuration on method launchApplication but has not been marked @Optional or defined
in /private/var/folders/26/gxg2cjsd2dl3xr3zj0xnlc300000gn/T/testng-eclipse--698867070/testng-customsuite.xml">
      <![CDATA[org.testng.TestNGException: 
Parameter 'browser' is required by @Configuration on method launchApplication but has not been marked @Optional or defined
in /private/var/folders/26/gxg2cjsd2dl3xr3zj0xnlc300000gn/T/testng-eclipse--698867070/testng-customsuite.xml
	at org.testng.internal.Parameters.createParameters(Parameters.java:154)
	at org.testng.internal.Parameters.createParameters(Parameters.java:361)
	at org.testng.internal.Parameters.createConfigurationParameters(Parameters.java:84)
	at org.testng.internal.Invoker.invokeConfigurations(Invoker.java:201)
	at org.testng.internal.Invoker.invokeConfigurations(Invoker.java:142)
	at org.testng.TestRunner.beforeRun(TestRunner.java:656)
	at org.testng.TestRunner.run(TestRunner.java:624)
	at org.testng.SuiteRunner.runTest(SuiteRunner.java:366)
	at org.testng.SuiteRunner.runSequentially(SuiteRunner.java:361)
	at org.testng.SuiteRunner.privateRun(SuiteRunner.java:319)
	at org.testng.SuiteRunner.run(SuiteRunner.java:268)
	at org.testng.SuiteRunnerWorker.runSuite(SuiteRunnerWorker.java:52)
	at org.testng.SuiteRunnerWorker.run(SuiteRunnerWorker.java:86)
	at org.testng.TestNG.runSuitesSequentially(TestNG.java:1244)
	at org.testng.TestNG.runSuitesLocally(TestNG.java:1169)
	at org.testng.TestNG.run(TestNG.java:1064)
	at org.testng.remote.AbstractRemoteTestNG.run(AbstractRemoteTestNG.java:115)
	at org.testng.remote.RemoteTestNG.initAndRun(RemoteTestNG.java:251)
	at org.testng.remote.RemoteTestNG.main(RemoteTestNG.java:77)
]]>
    </failure>
  </testcase> <!-- @BeforeTest launchApplication -->
  <testcase classname="Heirachy.HC_Company_Creation_01" name="@BeforeMethod getFunctionName" time="0.0">
    <skipped/>
  </testcase> <!-- @BeforeMethod getFunctionName -->
  <testcase classname="Heirachy.HC_Company_Creation_01" name="@BeforeMethod getFunctionName" time="0.0">
    <skipped/>
  </testcase> <!-- @BeforeMethod getFunctionName -->
  <testcase classname="Heirachy.HC_Company_Creation_01" name="@AfterTest tearDown" time="0.0">
    <skipped/>
  </testcase> <!-- @AfterTest tearDown -->
  <testcase classname="Heirachy.HC_Company_Creation_01" name="loginTest" time="0.003">
    <skipped/>
  </testcase> <!-- loginTest -->
  <testcase classname="Heirachy.HC_Company_Creation_01" name="createCompnay" time="0.002">
    <skipped/>
  </testcase> <!-- createCompnay -->
</testsuite> <!-- Default test -->
