<?xml version="1.0" encoding="UTF-8"?>
<!-- Generated by org.testng.reporters.JUnitXMLReporter -->
<testsuite hostname="Avirajs-MacBook-Air.local" failures="1" tests="2" name="FirefoxTest" time="23.794" errors="0" timestamp="12 Jul 2022 08:11:06 GMT">
  <testcase classname="Heirachy.HC_Create_User_2" name="@AfterTest tearDown" time="0.0">
    <failure type="java.lang.NoSuchMethodError" message="&amp;apos;java.util.Optional org.openqa.selenium.devtools.HasDevTools.maybeGetDevTools()&amp;apos;">
      <![CDATA[java.lang.NoSuchMethodError: 'java.util.Optional org.openqa.selenium.devtools.HasDevTools.maybeGetDevTools()'
	at org.openqa.selenium.remote.RemoteWebDriver.close(RemoteWebDriver.java:441)
	at org.openqa.selenium.support.events.EventFiringWebDriver.lambda$new$1(EventFiringWebDriver.java:115)
	at jdk.proxy2/jdk.proxy2.$Proxy24.close(Unknown Source)
	at org.openqa.selenium.support.events.EventFiringWebDriver.close(EventFiringWebDriver.java:216)
	at base.TestBase.tearDown(TestBase.java:196)
... Removed 26 stack frames]]>
    </failure>
  </testcase> <!-- @AfterTest tearDown -->
  <testcase classname="Heirachy.HC_Create_User_2" name="loginTest" time="16.16"/>
  <testcase classname="Heirachy.HC_Create_User_2" name="createCompnay" time="0.009">
    <failure type="org.openqa.selenium.InvalidSelectorException" message="Compound class names not permitted
For documentation on this error, please visit: https://selenium.dev/exceptions/#invalid_selector_exception
Build info: version: &amp;apos;4.0.0-rc-1&amp;apos;, revision: &amp;apos;bc5511cbda&amp;apos;
System info: host: &amp;apos;Avirajs-MacBook-Air.local&amp;apos;, ip: &amp;apos;fe80:0:0:0:18f4:c31d:2392:7339%en0&amp;apos;, os.name: &amp;apos;Mac OS X&amp;apos;, os.arch: &amp;apos;x86_64&amp;apos;, os.version: &amp;apos;11.3&amp;apos;, java.version: &amp;apos;16.0.2&amp;apos;
Driver info: driver.version: unknown">
      <![CDATA[org.openqa.selenium.InvalidSelectorException: Compound class names not permitted
For documentation on this error, please visit: https://selenium.dev/exceptions/#invalid_selector_exception
Build info: version: '4.0.0-rc-1', revision: 'bc5511cbda'
System info: host: 'Avirajs-MacBook-Air.local', ip: 'fe80:0:0:0:18f4:c31d:2392:7339%en0', os.name: 'Mac OS X', os.arch: 'x86_64', os.version: '11.3', java.version: '16.0.2'
Driver info: driver.version: unknown
	at org.openqa.selenium.By$ByClassName.<init>(By.java:310)
	at org.openqa.selenium.By.className(By.java:100)
	at org.openqa.selenium.support.AbstractFindByBuilder.buildByFromShortFindBy(AbstractFindByBuilder.java:43)
	at org.openqa.selenium.support.FindBy$FindByBuilder.buildIt(FindBy.java:85)
	at org.openqa.selenium.support.pagefactory.Annotations.buildBy(Annotations.java:79)
	at org.openqa.selenium.support.pagefactory.DefaultElementLocator.<init>(DefaultElementLocator.java:58)
	at org.openqa.selenium.support.pagefactory.AjaxElementLocator.<init>(AjaxElementLocator.java:62)
	at org.openqa.selenium.support.pagefactory.AjaxElementLocator.<init>(AjaxElementLocator.java:83)
	at org.openqa.selenium.support.pagefactory.AjaxElementLocator.<init>(AjaxElementLocator.java:75)
	at org.openqa.selenium.support.pagefactory.AjaxElementLocatorFactory.createLocator(AjaxElementLocatorFactory.java:35)
	at org.openqa.selenium.support.pagefactory.DefaultFieldDecorator.decorate(DefaultFieldDecorator.java:57)
	at org.openqa.selenium.support.PageFactory.proxyFields(PageFactory.java:110)
	at org.openqa.selenium.support.PageFactory.initElements(PageFactory.java:102)
	at org.openqa.selenium.support.PageFactory.initElements(PageFactory.java:89)
	at base.PageBase.setWebDriver(PageBase.java:29)
	at pages.PortFolioPage.<init>(PortFolioPage.java:130)
	at Heirachy.HC_Create_User_2.createCompnay(HC_Create_User_2.java:57)
... Removed 24 stack frames]]>
    </failure>
  </testcase> <!-- createCompnay -->
</testsuite> <!-- FirefoxTest -->
