<html>
<head>
<title>TestNG:  FirefoxTest</title>
<link href="../testng.css" rel="stylesheet" type="text/css" />
<link href="../my-testng.css" rel="stylesheet" type="text/css" />

<style type="text/css">
.log { display: none;} 
.stack-trace { display: none;} 
</style>
<script type="text/javascript">
<!--
function flip(e) {
  current = e.style.display;
  if (current == 'block') {
    e.style.display = 'none';
    return 0;
  }
  else {
    e.style.display = 'block';
    return 1;
  }
}

function toggleBox(szDivId, elem, msg1, msg2)
{
  var res = -1;  if (document.getElementById) {
    res = flip(document.getElementById(szDivId));
  }
  else if (document.all) {
    // this is the way old msie versions work
    res = flip(document.all[szDivId]);
  }
  if(elem) {
    if(res == 0) elem.innerHTML = msg1; else elem.innerHTML = msg2;
  }

}

function toggleAllBoxes() {
  if (document.getElementsByTagName) {
    d = document.getElementsByTagName('div');
    for (i = 0; i < d.length; i++) {
      if (d[i].className == 'log') {
        flip(d[i]);
      }
    }
  }
}

// -->
</script>

</head>
<body>
<h2 align='center'>FirefoxTest</h2><table border='1' align="center">
<tr>
<td>Tests passed/Failed/Skipped:</td><td>1/1/0</td>
</tr><tr>
<td>Started on:</td><td>Mon Jun 27 12:38:45 IST 2022</td>
</tr>
<tr><td>Total time:</td><td>74 seconds (74338 ms)</td>
</tr><tr>
<td>Included groups:</td><td></td>
</tr><tr>
<td>Excluded groups:</td><td></td>
</tr>
</table><p/>
<small><i>(Hover the method name to see the test class name)</i></small><p/>
<table width='100%' border='1' class='invocation-failed'>
<tr><td colspan='4' align='center'><b>FAILED CONFIGURATIONS</b></td></tr>
<tr><td><b>Test method</b></td>
<td width="30%"><b>Exception</b></td>
<td width="10%"><b>Time (seconds)</b></td>
<td><b>Instance</b></td>
</tr>
<tr>
<td title='Heirachy.HC_Create_User_2.tearDown()'><b>tearDown</b><br>Test class: Heirachy.HC_Create_User_2<br/>
<a href="#Output-1276902562" onClick='toggleBox("Output-1276902562", this, "Show output", "Hide output");'>Show output</a>

<a href="#Output-1276902562" onClick="toggleAllBoxes();">Show all outputs</a>
<div class='log' id="Output-1276902562">
Exception occured: java.lang.NoSuchMethodError: 'java.util.Optional org.openqa.selenium.devtools.HasDevTools.maybeGetDevTools()'<br/>
</div>
</td>
<td><div><pre>java.lang.NoSuchMethodError: &apos;java.util.Optional org.openqa.selenium.devtools.HasDevTools.maybeGetDevTools()&apos;
	at org.openqa.selenium.remote.RemoteWebDriver.close(RemoteWebDriver.java:441)
	at org.openqa.selenium.support.events.EventFiringWebDriver.lambda$new$1(EventFiringWebDriver.java:115)
	at jdk.proxy2/jdk.proxy2.$Proxy18.close(Unknown Source)
	at org.openqa.selenium.support.events.EventFiringWebDriver.close(EventFiringWebDriver.java:216)
	at base.TestBase.tearDown(TestBase.java:194)
	at java.base/java.util.concurrent.FutureTask.run(FutureTask.java:264)
	at java.base/java.util.concurrent.ThreadPoolExecutor.runWorker(ThreadPoolExecutor.java:1130)
	at java.base/java.util.concurrent.ThreadPoolExecutor$Worker.run(ThreadPoolExecutor.java:630)
	at java.base/java.lang.Thread.run(Thread.java:831)
... Removed 18 stack frames</pre></div><a href='#' onClick='toggleBox("stack-trace1276902562", this, "Click to show all stack frames", "Click to hide stack frames")'>Click to show all stack frames</a>
<div class='stack-trace' id='stack-trace1276902562'><pre>java.lang.NoSuchMethodError: &apos;java.util.Optional org.openqa.selenium.devtools.HasDevTools.maybeGetDevTools()&apos;
	at org.openqa.selenium.remote.RemoteWebDriver.close(RemoteWebDriver.java:441)
	at java.base/jdk.internal.reflect.NativeMethodAccessorImpl.invoke0(Native Method)
	at java.base/jdk.internal.reflect.NativeMethodAccessorImpl.invoke(NativeMethodAccessorImpl.java:78)
	at java.base/jdk.internal.reflect.DelegatingMethodAccessorImpl.invoke(DelegatingMethodAccessorImpl.java:43)
	at java.base/java.lang.reflect.Method.invoke(Method.java:567)
	at org.openqa.selenium.support.events.EventFiringWebDriver.lambda$new$1(EventFiringWebDriver.java:115)
	at jdk.proxy2/jdk.proxy2.$Proxy18.close(Unknown Source)
	at org.openqa.selenium.support.events.EventFiringWebDriver.close(EventFiringWebDriver.java:216)
	at base.TestBase.tearDown(TestBase.java:194)
	at java.base/jdk.internal.reflect.NativeMethodAccessorImpl.invoke0(Native Method)
	at java.base/jdk.internal.reflect.NativeMethodAccessorImpl.invoke(NativeMethodAccessorImpl.java:78)
	at java.base/jdk.internal.reflect.DelegatingMethodAccessorImpl.invoke(DelegatingMethodAccessorImpl.java:43)
	at java.base/java.lang.reflect.Method.invoke(Method.java:567)
	at org.testng.internal.MethodInvocationHelper.invokeMethod(MethodInvocationHelper.java:86)
	at org.testng.internal.Invoker.invokeConfigurationMethod(Invoker.java:514)
	at org.testng.internal.Invoker.invokeConfigurations(Invoker.java:215)
	at org.testng.internal.Invoker.invokeConfigurations(Invoker.java:142)
	at org.testng.TestRunner.afterRun(TestRunner.java:1012)
	at org.testng.TestRunner.run(TestRunner.java:636)
	at org.testng.SuiteRunner.runTest(SuiteRunner.java:366)
	at org.testng.SuiteRunner.access$000(SuiteRunner.java:39)
	at org.testng.SuiteRunner$SuiteWorker.run(SuiteRunner.java:400)
	at org.testng.internal.thread.ThreadUtil$2.call(ThreadUtil.java:64)
	at java.base/java.util.concurrent.FutureTask.run(FutureTask.java:264)
	at java.base/java.util.concurrent.ThreadPoolExecutor.runWorker(ThreadPoolExecutor.java:1130)
	at java.base/java.util.concurrent.ThreadPoolExecutor$Worker.run(ThreadPoolExecutor.java:630)
	at java.base/java.lang.Thread.run(Thread.java:831)
</pre></div></td>
<td>0</td>
<td>null</td></tr>
</table><p>
<table width='100%' border='1' class='invocation-failed'>
<tr><td colspan='4' align='center'><b>FAILED TESTS</b></td></tr>
<tr><td><b>Test method</b></td>
<td width="30%"><b>Exception</b></td>
<td width="10%"><b>Time (seconds)</b></td>
<td><b>Instance</b></td>
</tr>
<tr>
<td title='Heirachy.HC_Create_User_2.createCompnay()'><b>createCompnay</b><br>Test class: Heirachy.HC_Create_User_2</td>
<td><div><pre>org.openqa.selenium.InvalidSelectorException: Compound class names not permitted
For documentation on this error, please visit: https://selenium.dev/exceptions/#invalid_selector_exception
Build info: version: &apos;4.0.0-rc-1&apos;, revision: &apos;bc5511cbda&apos;
System info: host: &apos;Avirajs-MacBook-Air.local&apos;, ip: &apos;fe80:0:0:0:148c:7f37:cbdb:fbda%en0&apos;, os.name: &apos;Mac OS X&apos;, os.arch: &apos;x86_64&apos;, os.version: &apos;11.3&apos;, java.version: &apos;16.0.2&apos;
Driver info: driver.version: unknown
	at org.openqa.selenium.By$ByClassName.&lt;init&gt;(By.java:310)
	at org.openqa.selenium.By.className(By.java:100)
	at org.openqa.selenium.support.AbstractFindByBuilder.buildByFromShortFindBy(AbstractFindByBuilder.java:43)
	at org.openqa.selenium.support.FindBy$FindByBuilder.buildIt(FindBy.java:85)
	at org.openqa.selenium.support.pagefactory.Annotations.buildBy(Annotations.java:79)
	at org.openqa.selenium.support.pagefactory.DefaultElementLocator.&lt;init&gt;(DefaultElementLocator.java:58)
	at org.openqa.selenium.support.pagefactory.AjaxElementLocator.&lt;init&gt;(AjaxElementLocator.java:62)
	at org.openqa.selenium.support.pagefactory.AjaxElementLocator.&lt;init&gt;(AjaxElementLocator.java:83)
	at org.openqa.selenium.support.pagefactory.AjaxElementLocator.&lt;init&gt;(AjaxElementLocator.java:75)
	at org.openqa.selenium.support.pagefactory.AjaxElementLocatorFactory.createLocator(AjaxElementLocatorFactory.java:35)
	at org.openqa.selenium.support.pagefactory.DefaultFieldDecorator.decorate(DefaultFieldDecorator.java:57)
	at org.openqa.selenium.support.PageFactory.proxyFields(PageFactory.java:110)
	at org.openqa.selenium.support.PageFactory.initElements(PageFactory.java:102)
	at org.openqa.selenium.support.PageFactory.initElements(PageFactory.java:89)
	at base.PageBase.setWebDriver(PageBase.java:29)
	at pages.PortFolioPage.&lt;init&gt;(PortFolioPage.java:130)
	at Heirachy.HC_Create_User_2.createCompnay(HC_Create_User_2.java:57)
	at java.base/java.util.concurrent.FutureTask.run(FutureTask.java:264)
	at java.base/java.util.concurrent.ThreadPoolExecutor.runWorker(ThreadPoolExecutor.java:1130)
	at java.base/java.util.concurrent.ThreadPoolExecutor$Worker.run(ThreadPoolExecutor.java:630)
	at java.base/java.lang.Thread.run(Thread.java:831)
... Removed 16 stack frames</pre></div><a href='#' onClick='toggleBox("stack-trace1321511532", this, "Click to show all stack frames", "Click to hide stack frames")'>Click to show all stack frames</a>
<div class='stack-trace' id='stack-trace1321511532'><pre>org.openqa.selenium.InvalidSelectorException: Compound class names not permitted
For documentation on this error, please visit: https://selenium.dev/exceptions/#invalid_selector_exception
Build info: version: &apos;4.0.0-rc-1&apos;, revision: &apos;bc5511cbda&apos;
System info: host: &apos;Avirajs-MacBook-Air.local&apos;, ip: &apos;fe80:0:0:0:148c:7f37:cbdb:fbda%en0&apos;, os.name: &apos;Mac OS X&apos;, os.arch: &apos;x86_64&apos;, os.version: &apos;11.3&apos;, java.version: &apos;16.0.2&apos;
Driver info: driver.version: unknown
	at org.openqa.selenium.By$ByClassName.&lt;init&gt;(By.java:310)
	at org.openqa.selenium.By.className(By.java:100)
	at org.openqa.selenium.support.AbstractFindByBuilder.buildByFromShortFindBy(AbstractFindByBuilder.java:43)
	at org.openqa.selenium.support.FindBy$FindByBuilder.buildIt(FindBy.java:85)
	at org.openqa.selenium.support.pagefactory.Annotations.buildBy(Annotations.java:79)
	at org.openqa.selenium.support.pagefactory.DefaultElementLocator.&lt;init&gt;(DefaultElementLocator.java:58)
	at org.openqa.selenium.support.pagefactory.AjaxElementLocator.&lt;init&gt;(AjaxElementLocator.java:62)
	at org.openqa.selenium.support.pagefactory.AjaxElementLocator.&lt;init&gt;(AjaxElementLocator.java:83)
	at org.openqa.selenium.support.pagefactory.AjaxElementLocator.&lt;init&gt;(AjaxElementLocator.java:75)
	at org.openqa.selenium.support.pagefactory.AjaxElementLocatorFactory.createLocator(AjaxElementLocatorFactory.java:35)
	at org.openqa.selenium.support.pagefactory.DefaultFieldDecorator.decorate(DefaultFieldDecorator.java:57)
	at org.openqa.selenium.support.PageFactory.proxyFields(PageFactory.java:110)
	at org.openqa.selenium.support.PageFactory.initElements(PageFactory.java:102)
	at org.openqa.selenium.support.PageFactory.initElements(PageFactory.java:89)
	at base.PageBase.setWebDriver(PageBase.java:29)
	at pages.PortFolioPage.&lt;init&gt;(PortFolioPage.java:130)
	at Heirachy.HC_Create_User_2.createCompnay(HC_Create_User_2.java:57)
	at java.base/jdk.internal.reflect.NativeMethodAccessorImpl.invoke0(Native Method)
	at java.base/jdk.internal.reflect.NativeMethodAccessorImpl.invoke(NativeMethodAccessorImpl.java:78)
	at java.base/jdk.internal.reflect.DelegatingMethodAccessorImpl.invoke(DelegatingMethodAccessorImpl.java:43)
	at java.base/java.lang.reflect.Method.invoke(Method.java:567)
	at org.testng.internal.MethodInvocationHelper.invokeMethod(MethodInvocationHelper.java:86)
	at org.testng.internal.Invoker.invokeMethod(Invoker.java:643)
	at org.testng.internal.Invoker.invokeTestMethod(Invoker.java:820)
	at org.testng.internal.Invoker.invokeTestMethods(Invoker.java:1128)
	at org.testng.internal.TestMethodWorker.invokeTestMethods(TestMethodWorker.java:129)
	at org.testng.internal.TestMethodWorker.run(TestMethodWorker.java:112)
	at org.testng.TestRunner.privateRun(TestRunner.java:782)
	at org.testng.TestRunner.run(TestRunner.java:632)
	at org.testng.SuiteRunner.runTest(SuiteRunner.java:366)
	at org.testng.SuiteRunner.access$000(SuiteRunner.java:39)
	at org.testng.SuiteRunner$SuiteWorker.run(SuiteRunner.java:400)
	at org.testng.internal.thread.ThreadUtil$2.call(ThreadUtil.java:64)
	at java.base/java.util.concurrent.FutureTask.run(FutureTask.java:264)
	at java.base/java.util.concurrent.ThreadPoolExecutor.runWorker(ThreadPoolExecutor.java:1130)
	at java.base/java.util.concurrent.ThreadPoolExecutor$Worker.run(ThreadPoolExecutor.java:630)
	at java.base/java.lang.Thread.run(Thread.java:831)
</pre></div></td>
<td>0</td>
<td>Heirachy.HC_Create_User_2@7bba5817</td></tr>
</table><p>
<table width='100%' border='1' class='invocation-passed'>
<tr><td colspan='4' align='center'><b>PASSED TESTS</b></td></tr>
<tr><td><b>Test method</b></td>
<td width="30%"><b>Exception</b></td>
<td width="10%"><b>Time (seconds)</b></td>
<td><b>Instance</b></td>
</tr>
<tr>
<td title='Heirachy.HC_Create_User_2.loginTest()'><b>loginTest</b><br>Test class: Heirachy.HC_Create_User_2<br/>
<a href="#Output-692003896" onClick='toggleBox("Output-692003896", this, "Show output", "Hide output");'>Show output</a>

<a href="#Output-692003896" onClick="toggleAllBoxes();">Show all outputs</a>
<div class='log' id="Output-692003896">
Trying to find Element By : By.xpath: //button[@id='login-btn-lp']<br/>
Found Element By : By.xpath: //button[@id='login-btn-lp']<br/>
Trying to find Element By : By.xpath: //input[@name='username']<br/>
Found Element By : By.xpath: //input[@name='username']<br/>
Trying to find Element By : By.xpath: //input[@name='username']<br/>
Found Element By : By.xpath: //input[@name='username']<br/>
Trying to find Element By : By.xpath: //input[@id='pass-field']<br/>
Found Element By : By.xpath: //input[@id='pass-field']<br/>
Trying to find Element By : By.xpath: //input[@id='pass-field']<br/>
Found Element By : By.xpath: //input[@id='pass-field']<br/>
Trying to find Element By : By.xpath: //button[normalize-space()='Login']<br/>
Found Element By : By.xpath: //button[normalize-space()='Login']<br/>
Before navigating to: 'https://yopmail.com'<br/>
Navigated to:'https://yopmail.com'<br/>
Trying to find Element By : By.xpath: 	//input[@id='login']<br/>
Found Element By : By.xpath: 	//input[@id='login']<br/>
Trying to find Element By : By.xpath: //body//div[@class='mctn']//div<br/>
Found Element By : By.xpath: //body//div[@class='mctn']//div<br/>
Trying to find Element By : By.cssSelector: span[class='ellipsis']<br/>
Found Element By : By.cssSelector: span[class='ellipsis']<br/>
Trying to find Element By : By.cssSelector: span[class='ellipsis']<br/>
Found Element By : By.cssSelector: span[class='ellipsis']<br/>
Trying to find Element By : By.xpath: //tbody//tr[2]/td[1]//p<br/>
Found Element By : By.xpath: //tbody//tr[2]/td[1]//p<br/>
Trying to find Element By : By.xpath: //input[@id='pass-field']<br/>
Found Element By : By.xpath: //input[@id='pass-field']<br/>
Trying to find Element By : By.cssSelector: #login-btn-lp[type='submit']<br/>
Found Element By : By.cssSelector: #login-btn-lp[type='submit']<br/>
Trying to find Element By : By.xpath: //span[@class='capitalize mv-short']<br/>
Found Element By : By.xpath: //span[@class='capitalize mv-short']<br/>
</div>
</td>
<td></td>
<td>19</td>
<td>Heirachy.HC_Create_User_2@7bba5817</td></tr>
</table><p>
</body>
</html>