<!DOCTYPE html PUBLIC "-//W3C//DTD XHTML 1.1//EN" "http://www.w3.org/TR/xhtml11/DTD/xhtml11.dtd">
<html xmlns="http://www.w3.org/1999/xhtml"><head><title>TestNG Report</title><style type="text/css">table {margin-bottom:10px;border-collapse:collapse;empty-cells:show}th,td {border:1px solid #009;padding:.25em .5em}th {vertical-align:bottom}td {vertical-align:top}table a {font-weight:bold}.stripe td {background-color: #E6EBF9}.num {text-align:right}.passedodd td {background-color: #3F3}.passedeven td {background-color: #0A0}.skippedodd td {background-color: #DDD}.skippedeven td {background-color: #CCC}.failedodd td,.attn {background-color: #F33}.failedeven td,.stripe .attn {background-color: #D00}.stacktrace {white-space:pre;font-family:monospace}.totop {font-size:85%;text-align:center;border-bottom:2px solid #000}</style></head><body><table><tr><th>Test</th><th># Passed</th><th># Skipped</th><th># Failed</th><th>Time (ms)</th><th>Included Groups</th><th>Excluded Groups</th></tr><tr><th colspan="7">Suite</th></tr><tr><td><a href="#t0">Test</a></td><td class="num">0</td><td class="num">0</td><td class="num attn">2</td><td class="num">56,669</td><td></td><td></td></tr></table><table><thead><tr><th>Class</th><th>Method</th><th>Start</th><th>Time (ms)</th></tr></thead><tbody><tr><th colspan="4">Suite</th></tr></tbody><tbody id="t0"><tr><th colspan="4">Test &#8212; failed (configuration methods)</th></tr><tr class="failedeven"><td rowspan="1">Heirachy.HC_Company_Creation_01</td><td><a href="#m0">tearDown</a></td><td rowspan="1">1649325031528</td><td rowspan="1">0</td></tr><tr><th colspan="4">Test &#8212; failed</th></tr><tr class="failedeven"><td rowspan="2">Heirachy.HC_Company_Creation_01</td><td><a href="#m1">createCompnay</a></td><td rowspan="1">1649325027745</td><td rowspan="1">3772</td></tr><tr class="failedeven"><td><a href="#m2">loginTest</a></td><td rowspan="1">1649324998438</td><td rowspan="1">29284</td></tr></tbody></table><h2>Test</h2><h3 id="m0">Heirachy.HC_Company_Creation_01#tearDown</h3><table class="result"><tr><th>Messages</th></tr><tr><td><div class="messages">Exception occured: java.lang.NoSuchMethodError: &apos;java.util.Optional org.openqa.selenium.devtools.HasDevTools.maybeGetDevTools()&apos;</div></td></tr><tr><th>Exception</th></tr><tr><td><div class="stacktrace">java.lang.NoSuchMethodError: &apos;java.util.Optional org.openqa.selenium.devtools.HasDevTools.maybeGetDevTools()&apos;
	at org.openqa.selenium.remote.RemoteWebDriver.close(RemoteWebDriver.java:441)
	at org.openqa.selenium.support.events.EventFiringWebDriver.lambda$new$1(EventFiringWebDriver.java:115)
	at jdk.proxy2/jdk.proxy2.$Proxy17.close(Unknown Source)
	at org.openqa.selenium.support.events.EventFiringWebDriver.close(EventFiringWebDriver.java:216)
	at base.TestBase.tearDown(TestBase.java:198)
... Removed 26 stack frames</div></td></tr></table><p class="totop"><a href="#summary">back to summary</a></p><h3 id="m1">Heirachy.HC_Company_Creation_01#createCompnay</h3><table class="result"><tr><th>Messages</th></tr><tr><td><div class="messages">Trying to find Element By : By.xpath: //span[normalize-space()=&apos;Create Company&apos;]<br/>Exception occured: org.openqa.selenium.NoSuchElementException: no such element: Unable to locate element: {&quot;method&quot;:&quot;xpath&quot;,&quot;selector&quot;:&quot;//span[normalize-space()=&apos;Create Company&apos;]&quot;}
  (Session info: chrome=100.0.4896.75)
For documentation on this error, please visit: https://selenium.dev/exceptions/#no_such_element
Build info: version: &apos;4.0.0-rc-1&apos;, revision: &apos;bc5511cbda&apos;
System info: host: &apos;Avirajs-MacBook-Air.local&apos;, ip: &apos;fe80:0:0:0:4af:86ff:abae:8236%en0&apos;, os.name: &apos;Mac OS X&apos;, os.arch: &apos;x86_64&apos;, os.version: &apos;11.2&apos;, java.version: &apos;16.0.2&apos;
Driver info: org.openqa.selenium.chrome.ChromeDriver
Command: [b9f4d916976009791376c8f05f05db3f, findElement {using=xpath, value=//span[normalize-space()=&apos;Create Company&apos;]}]
Capabilities {acceptInsecureCerts: false, browserName: chrome, browserVersion: 100.0.4896.75, chrome: {chromedriverVersion: 100.0.4896.60 (6a5d10861ce8..., userDataDir: /var/folders/26/gxg2cjsd2dl...}, goog:chromeOptions: {debuggerAddress: localhost:58624}, javascriptEnabled: true, networkConnectionEnabled: false, pageLoadStrategy: normal, platform: MAC, platformName: MAC, proxy: Proxy(), se:cdp: ws://localhost:58624/devtoo..., se:cdpVersion: 100.0.4896.75, setWindowRect: true, strictFileInteractability: false, timeouts: {implicit: 0, pageLoad: 300000, script: 30000}, unhandledPromptBehavior: dismiss and notify, webauthn:extension:credBlob: true, webauthn:extension:largeBlob: true, webauthn:virtualAuthenticators: true}
Session ID: b9f4d916976009791376c8f05f05db3f</div></td></tr><tr><th>Exception</th></tr><tr><td><div class="stacktrace">org.openqa.selenium.NoSuchElementException: no such element: Unable to locate element: {&quot;method&quot;:&quot;xpath&quot;,&quot;selector&quot;:&quot;//span[normalize-space()=&apos;Create Company&apos;]&quot;}
  (Session info: chrome=100.0.4896.75)
For documentation on this error, please visit: https://selenium.dev/exceptions/#no_such_element
Build info: version: &apos;4.0.0-rc-1&apos;, revision: &apos;bc5511cbda&apos;
System info: host: &apos;Avirajs-MacBook-Air.local&apos;, ip: &apos;fe80:0:0:0:4af:86ff:abae:8236%en0&apos;, os.name: &apos;Mac OS X&apos;, os.arch: &apos;x86_64&apos;, os.version: &apos;11.2&apos;, java.version: &apos;16.0.2&apos;
Driver info: org.openqa.selenium.chrome.ChromeDriver
Command: [b9f4d916976009791376c8f05f05db3f, findElement {using=xpath, value=//span[normalize-space()=&apos;Create Company&apos;]}]
Capabilities {acceptInsecureCerts: false, browserName: chrome, browserVersion: 100.0.4896.75, chrome: {chromedriverVersion: 100.0.4896.60 (6a5d10861ce8..., userDataDir: /var/folders/26/gxg2cjsd2dl...}, goog:chromeOptions: {debuggerAddress: localhost:58624}, javascriptEnabled: true, networkConnectionEnabled: false, pageLoadStrategy: normal, platform: MAC, platformName: MAC, proxy: Proxy(), se:cdp: ws://localhost:58624/devtoo..., se:cdpVersion: 100.0.4896.75, setWindowRect: true, strictFileInteractability: false, timeouts: {implicit: 0, pageLoad: 300000, script: 30000}, unhandledPromptBehavior: dismiss and notify, webauthn:extension:credBlob: true, webauthn:extension:largeBlob: true, webauthn:virtualAuthenticators: true}
Session ID: b9f4d916976009791376c8f05f05db3f
	at org.openqa.selenium.remote.codec.w3c.W3CHttpResponseCodec.createException(W3CHttpResponseCodec.java:200)
	at org.openqa.selenium.remote.codec.w3c.W3CHttpResponseCodec.decode(W3CHttpResponseCodec.java:133)
	at org.openqa.selenium.remote.codec.w3c.W3CHttpResponseCodec.decode(W3CHttpResponseCodec.java:53)
	at org.openqa.selenium.remote.HttpCommandExecutor.execute(HttpCommandExecutor.java:184)
	at org.openqa.selenium.remote.service.DriverCommandExecutor.invokeExecute(DriverCommandExecutor.java:164)
	at org.openqa.selenium.remote.service.DriverCommandExecutor.execute(DriverCommandExecutor.java:139)
	at org.openqa.selenium.remote.RemoteWebDriver.execute(RemoteWebDriver.java:559)
	at org.openqa.selenium.remote.ElementLocation$ElementFinder$2.findElement(ElementLocation.java:162)
	at org.openqa.selenium.remote.ElementLocation.findElement(ElementLocation.java:60)
	at org.openqa.selenium.remote.RemoteWebDriver.findElement(RemoteWebDriver.java:383)
	at org.openqa.selenium.remote.RemoteWebDriver.findElement(RemoteWebDriver.java:375)
	at org.openqa.selenium.support.events.EventFiringWebDriver.lambda$new$1(EventFiringWebDriver.java:115)
	at jdk.proxy2/jdk.proxy2.$Proxy17.findElement(Unknown Source)
	at org.openqa.selenium.support.events.EventFiringWebDriver.findElement(EventFiringWebDriver.java:204)
	at pages.CreateCompnayPage.applyCompanyDetails(CreateCompnayPage.java:82)
	at Heirachy.HC_Company_Creation_01.createCompnay(HC_Company_Creation_01.java:53)
... Removed 33 stack frames</div></td></tr></table><p class="totop"><a href="#summary">back to summary</a></p><h3 id="m2">Heirachy.HC_Company_Creation_01#loginTest</h3><table class="result"><tr><th>Messages</th></tr><tr><td><div class="messages">Trying to find Element By : By.xpath: //button[@id=&apos;login-btn-lp&apos;]<br/>Found Element By : By.xpath: //button[@id=&apos;login-btn-lp&apos;]<br/>Trying to find Element By : By.xpath: //input[@name=&apos;username&apos;]<br/>Found Element By : By.xpath: //input[@name=&apos;username&apos;]<br/>Trying to find Element By : By.xpath: //input[@name=&apos;username&apos;]<br/>Found Element By : By.xpath: //input[@name=&apos;username&apos;]<br/>Trying to find Element By : By.xpath: //input[@id=&apos;pass-field&apos;]<br/>Found Element By : By.xpath: //input[@id=&apos;pass-field&apos;]<br/>Trying to find Element By : By.xpath: //input[@id=&apos;pass-field&apos;]<br/>Found Element By : By.xpath: //input[@id=&apos;pass-field&apos;]<br/>Trying to find Element By : By.xpath: //button[normalize-space()=&apos;Login&apos;]<br/>Found Element By : By.xpath: //button[normalize-space()=&apos;Login&apos;]<br/>Before navigating to: &apos;https://yopmail.com&apos;<br/>Navigated to:&apos;https://yopmail.com&apos;<br/>Trying to find Element By : By.xpath: 	//input[@id=&apos;login&apos;]<br/>Found Element By : By.xpath: 	//input[@id=&apos;login&apos;]<br/>Trying to find Element By : By.xpath: //body//div[@class=&apos;mctn&apos;]//div<br/>Found Element By : By.xpath: //body//div[@class=&apos;mctn&apos;]//div<br/>Trying to find Element By : By.cssSelector: span[class=&apos;ellipsis&apos;]<br/>Found Element By : By.cssSelector: span[class=&apos;ellipsis&apos;]<br/>Trying to find Element By : By.cssSelector: span[class=&apos;ellipsis&apos;]<br/>Found Element By : By.cssSelector: span[class=&apos;ellipsis&apos;]<br/>Trying to find Element By : By.xpath: //tbody//tr[2]/td[1]//p<br/>Found Element By : By.xpath: //tbody//tr[2]/td[1]//p<br/>Trying to find Element By : By.xpath: //input[@id=&apos;pass-field&apos;]<br/>Found Element By : By.xpath: //input[@id=&apos;pass-field&apos;]<br/>Trying to find Element By : By.cssSelector: #login-btn-lp[type=&apos;submit&apos;]<br/>Found Element By : By.cssSelector: #login-btn-lp[type=&apos;submit&apos;]<br/>Trying to find Element By : By.xpath: //span[@class=&apos;capitalize mv-short&apos;]<br/>Found Element By : By.xpath: //span[@class=&apos;capitalize mv-short&apos;]</div></td></tr><tr><th>Exception</th></tr><tr><td><div class="stacktrace">java.lang.AssertionError: expected [true] but found [false]
	at Heirachy.HC_Company_Creation_01.loginTest(HC_Company_Creation_01.java:37)
... Removed 28 stack frames</div></td></tr></table><p class="totop"><a href="#summary">back to summary</a></p></body></html>