<?xml version="1.0" encoding="UTF-8"?>
<testng-results total="2" passed="0" failed="2" skipped="0">
  <reporter-output>
    <line>
      <![CDATA[Trying to find Element By : By.xpath: //button[@id='login-btn-lp']]]>
    </line>
    <line>
      <![CDATA[Found Element By : By.xpath: //button[@id='login-btn-lp']]]>
    </line>
    <line>
      <![CDATA[Trying to find Element By : By.xpath: //input[@name='username']]]>
    </line>
    <line>
      <![CDATA[Found Element By : By.xpath: //input[@name='username']]]>
    </line>
    <line>
      <![CDATA[Trying to find Element By : By.xpath: //input[@name='username']]]>
    </line>
    <line>
      <![CDATA[Found Element By : By.xpath: //input[@name='username']]]>
    </line>
    <line>
      <![CDATA[Trying to find Element By : By.xpath: //input[@id='pass-field']]]>
    </line>
    <line>
      <![CDATA[Found Element By : By.xpath: //input[@id='pass-field']]]>
    </line>
    <line>
      <![CDATA[Trying to find Element By : By.xpath: //input[@id='pass-field']]]>
    </line>
    <line>
      <![CDATA[Found Element By : By.xpath: //input[@id='pass-field']]]>
    </line>
    <line>
      <![CDATA[Trying to find Element By : By.xpath: //button[normalize-space()='Login']]]>
    </line>
    <line>
      <![CDATA[Found Element By : By.xpath: //button[normalize-space()='Login']]]>
    </line>
    <line>
      <![CDATA[Before navigating to: 'https://yopmail.com']]>
    </line>
    <line>
      <![CDATA[Navigated to:'https://yopmail.com']]>
    </line>
    <line>
      <![CDATA[Trying to find Element By : By.xpath: 	//input[@id='login']]]>
    </line>
    <line>
      <![CDATA[Found Element By : By.xpath: 	//input[@id='login']]]>
    </line>
    <line>
      <![CDATA[Trying to find Element By : By.xpath: //body//div[@class='mctn']//div]]>
    </line>
    <line>
      <![CDATA[Found Element By : By.xpath: //body//div[@class='mctn']//div]]>
    </line>
    <line>
      <![CDATA[Trying to find Element By : By.cssSelector: span[class='ellipsis']]]>
    </line>
    <line>
      <![CDATA[Found Element By : By.cssSelector: span[class='ellipsis']]]>
    </line>
    <line>
      <![CDATA[Trying to find Element By : By.cssSelector: span[class='ellipsis']]]>
    </line>
    <line>
      <![CDATA[Found Element By : By.cssSelector: span[class='ellipsis']]]>
    </line>
    <line>
      <![CDATA[Trying to find Element By : By.xpath: //tbody//tr[2]/td[1]//p]]>
    </line>
    <line>
      <![CDATA[Found Element By : By.xpath: //tbody//tr[2]/td[1]//p]]>
    </line>
    <line>
      <![CDATA[Trying to find Element By : By.xpath: //input[@id='pass-field']]]>
    </line>
    <line>
      <![CDATA[Found Element By : By.xpath: //input[@id='pass-field']]]>
    </line>
    <line>
      <![CDATA[Trying to find Element By : By.cssSelector: #login-btn-lp[type='submit']]]>
    </line>
    <line>
      <![CDATA[Found Element By : By.cssSelector: #login-btn-lp[type='submit']]]>
    </line>
    <line>
      <![CDATA[Trying to find Element By : By.xpath: //span[@class='capitalize mv-short']]]>
    </line>
    <line>
      <![CDATA[Found Element By : By.xpath: //span[@class='capitalize mv-short']]]>
    </line>
    <line>
      <![CDATA[Trying to find Element By : By.xpath: //span[normalize-space()='Create Company']]]>
    </line>
    <line>
      <![CDATA[Exception occured: org.openqa.selenium.NoSuchElementException: no such element: Unable to locate element: {"method":"xpath","selector":"//span[normalize-space()='Create Company']"}
  (Session info: chrome=100.0.4896.75)
For documentation on this error, please visit: https://selenium.dev/exceptions/#no_such_element
Build info: version: '4.0.0-rc-1', revision: 'bc5511cbda'
System info: host: 'Avirajs-MacBook-Air.local', ip: 'fe80:0:0:0:4af:86ff:abae:8236%en0', os.name: 'Mac OS X', os.arch: 'x86_64', os.version: '11.2', java.version: '16.0.2'
Driver info: org.openqa.selenium.chrome.ChromeDriver
Command: [b9f4d916976009791376c8f05f05db3f, findElement {using=xpath, value=//span[normalize-space()='Create Company']}]
Capabilities {acceptInsecureCerts: false, browserName: chrome, browserVersion: 100.0.4896.75, chrome: {chromedriverVersion: 100.0.4896.60 (6a5d10861ce8..., userDataDir: /var/folders/26/gxg2cjsd2dl...}, goog:chromeOptions: {debuggerAddress: localhost:58624}, javascriptEnabled: true, networkConnectionEnabled: false, pageLoadStrategy: normal, platform: MAC, platformName: MAC, proxy: Proxy(), se:cdp: ws://localhost:58624/devtoo..., se:cdpVersion: 100.0.4896.75, setWindowRect: true, strictFileInteractability: false, timeouts: {implicit: 0, pageLoad: 300000, script: 30000}, unhandledPromptBehavior: dismiss and notify, webauthn:extension:credBlob: true, webauthn:extension:largeBlob: true, webauthn:virtualAuthenticators: true}
Session ID: b9f4d916976009791376c8f05f05db3f]]>
    </line>
    <line>
      <![CDATA[Exception occured: java.lang.NoSuchMethodError: 'java.util.Optional org.openqa.selenium.devtools.HasDevTools.maybeGetDevTools()']]>
    </line>
  </reporter-output>
  <suite started-at="2022-04-07T09:49:35Z" name="Suite" finished-at="2022-04-07T09:50:32Z" duration-ms="56669">
    <groups>
    </groups>
    <test started-at="2022-04-07T09:49:35Z" name="Test" finished-at="2022-04-07T09:50:32Z" duration-ms="56669">
      <class name="Heirachy.HC_Company_Creation_01">
        <test-method is-config="true" signature="extentFileCreation()[pri:0, instance:Heirachy.HC_Company_Creation_01@2cf3d63b]" started-at="2022-04-07T15:19:17Z" name="extentFileCreation" finished-at="2022-04-07T15:19:35Z" duration-ms="17501" status="PASS">
          <reporter-output>
          </reporter-output>
        </test-method> <!-- extentFileCreation -->
        <test-method is-config="true" signature="launchApplication(java.lang.String)[pri:0, instance:Heirachy.HC_Company_Creation_01@2cf3d63b]" started-at="2022-04-07T15:19:35Z" name="launchApplication" finished-at="2022-04-07T15:19:58Z" duration-ms="22946" status="PASS">
          <params>
            <param index="0">
              <value>
                <![CDATA[Chrome]]>
              </value>
            </param>
          </params>
          <reporter-output>
          </reporter-output>
        </test-method> <!-- launchApplication -->
        <test-method is-config="true" signature="getFunctionName(java.lang.reflect.Method)[pri:0, instance:Heirachy.HC_Company_Creation_01@2cf3d63b]" started-at="2022-04-07T15:19:58Z" name="getFunctionName" finished-at="2022-04-07T15:19:58Z" duration-ms="4" status="PASS">
          <params>
            <param index="0">
              <value>
                <![CDATA[public void Heirachy.HC_Company_Creation_01.loginTest() throws java.lang.Throwable]]>
              </value>
            </param>
          </params>
          <reporter-output>
          </reporter-output>
        </test-method> <!-- getFunctionName -->
        <test-method signature="loginTest()[pri:1, instance:Heirachy.HC_Company_Creation_01@2cf3d63b]" started-at="2022-04-07T15:19:58Z" name="loginTest" finished-at="2022-04-07T15:20:27Z" duration-ms="29284" status="FAIL">
          <exception class="java.lang.AssertionError">
            <message>
              <![CDATA[expected [true] but found [false]]]>
            </message>
            <full-stacktrace>
              <![CDATA[java.lang.AssertionError: expected [true] but found [false]
	at org.testng.Assert.fail(Assert.java:94)
	at org.testng.Assert.failNotEquals(Assert.java:513)
	at org.testng.Assert.assertTrue(Assert.java:42)
	at org.testng.Assert.assertTrue(Assert.java:52)
	at Heirachy.HC_Company_Creation_01.loginTest(HC_Company_Creation_01.java:37)
	at java.base/jdk.internal.reflect.NativeMethodAccessorImpl.invoke0(Native Method)
	at java.base/jdk.internal.reflect.NativeMethodAccessorImpl.invoke(NativeMethodAccessorImpl.java:78)
	at java.base/jdk.internal.reflect.DelegatingMethodAccessorImpl.invoke(DelegatingMethodAccessorImpl.java:43)
	at java.base/java.lang.reflect.Method.invoke(Method.java:567)
	at org.testng.internal.MethodInvocationHelper.invokeMethod(MethodInvocationHelper.java:86)
	at org.testng.internal.Invoker.invokeMethod(Invoker.java:643)
	at org.testng.internal.Invoker.invokeTestMethod(Invoker.java:820)
	at org.testng.internal.Invoker.invokeTestMethods(Invoker.java:1128)
	at org.testng.internal.TestMethodWorker.invokeTestMethods(TestMethodWorker.java:129)
	at org.testng.internal.TestMethodWorker.run(TestMethodWorker.java:112)
	at org.testng.TestRunner.privateRun(TestRunner.java:782)
	at org.testng.TestRunner.run(TestRunner.java:632)
	at org.testng.SuiteRunner.runTest(SuiteRunner.java:366)
	at org.testng.SuiteRunner.runSequentially(SuiteRunner.java:361)
	at org.testng.SuiteRunner.privateRun(SuiteRunner.java:319)
	at org.testng.SuiteRunner.run(SuiteRunner.java:268)
	at org.testng.SuiteRunnerWorker.runSuite(SuiteRunnerWorker.java:52)
	at org.testng.SuiteRunnerWorker.run(SuiteRunnerWorker.java:86)
	at org.testng.TestNG.runSuitesSequentially(TestNG.java:1244)
	at org.testng.TestNG.runSuitesLocally(TestNG.java:1169)
	at org.testng.TestNG.run(TestNG.java:1064)
	at org.testng.remote.AbstractRemoteTestNG.run(AbstractRemoteTestNG.java:115)
	at org.testng.remote.RemoteTestNG.initAndRun(RemoteTestNG.java:251)
	at org.testng.remote.RemoteTestNG.main(RemoteTestNG.java:77)
]]>
            </full-stacktrace>
          </exception> <!-- java.lang.AssertionError -->
          <reporter-output>
            <line>
              <![CDATA[Trying to find Element By : By.xpath: //button[@id='login-btn-lp']]]>
            </line>
            <line>
              <![CDATA[Found Element By : By.xpath: //button[@id='login-btn-lp']]]>
            </line>
            <line>
              <![CDATA[Trying to find Element By : By.xpath: //input[@name='username']]]>
            </line>
            <line>
              <![CDATA[Found Element By : By.xpath: //input[@name='username']]]>
            </line>
            <line>
              <![CDATA[Trying to find Element By : By.xpath: //input[@name='username']]]>
            </line>
            <line>
              <![CDATA[Found Element By : By.xpath: //input[@name='username']]]>
            </line>
            <line>
              <![CDATA[Trying to find Element By : By.xpath: //input[@id='pass-field']]]>
            </line>
            <line>
              <![CDATA[Found Element By : By.xpath: //input[@id='pass-field']]]>
            </line>
            <line>
              <![CDATA[Trying to find Element By : By.xpath: //input[@id='pass-field']]]>
            </line>
            <line>
              <![CDATA[Found Element By : By.xpath: //input[@id='pass-field']]]>
            </line>
            <line>
              <![CDATA[Trying to find Element By : By.xpath: //button[normalize-space()='Login']]]>
            </line>
            <line>
              <![CDATA[Found Element By : By.xpath: //button[normalize-space()='Login']]]>
            </line>
            <line>
              <![CDATA[Before navigating to: 'https://yopmail.com']]>
            </line>
            <line>
              <![CDATA[Navigated to:'https://yopmail.com']]>
            </line>
            <line>
              <![CDATA[Trying to find Element By : By.xpath: 	//input[@id='login']]]>
            </line>
            <line>
              <![CDATA[Found Element By : By.xpath: 	//input[@id='login']]]>
            </line>
            <line>
              <![CDATA[Trying to find Element By : By.xpath: //body//div[@class='mctn']//div]]>
            </line>
            <line>
              <![CDATA[Found Element By : By.xpath: //body//div[@class='mctn']//div]]>
            </line>
            <line>
              <![CDATA[Trying to find Element By : By.cssSelector: span[class='ellipsis']]]>
            </line>
            <line>
              <![CDATA[Found Element By : By.cssSelector: span[class='ellipsis']]]>
            </line>
            <line>
              <![CDATA[Trying to find Element By : By.cssSelector: span[class='ellipsis']]]>
            </line>
            <line>
              <![CDATA[Found Element By : By.cssSelector: span[class='ellipsis']]]>
            </line>
            <line>
              <![CDATA[Trying to find Element By : By.xpath: //tbody//tr[2]/td[1]//p]]>
            </line>
            <line>
              <![CDATA[Found Element By : By.xpath: //tbody//tr[2]/td[1]//p]]>
            </line>
            <line>
              <![CDATA[Trying to find Element By : By.xpath: //input[@id='pass-field']]]>
            </line>
            <line>
              <![CDATA[Found Element By : By.xpath: //input[@id='pass-field']]]>
            </line>
            <line>
              <![CDATA[Trying to find Element By : By.cssSelector: #login-btn-lp[type='submit']]]>
            </line>
            <line>
              <![CDATA[Found Element By : By.cssSelector: #login-btn-lp[type='submit']]]>
            </line>
            <line>
              <![CDATA[Trying to find Element By : By.xpath: //span[@class='capitalize mv-short']]]>
            </line>
            <line>
              <![CDATA[Found Element By : By.xpath: //span[@class='capitalize mv-short']]]>
            </line>
          </reporter-output>
        </test-method> <!-- loginTest -->
        <test-method is-config="true" signature="getFunctionName(java.lang.reflect.Method)[pri:0, instance:Heirachy.HC_Company_Creation_01@2cf3d63b]" started-at="2022-04-07T15:20:27Z" name="getFunctionName" finished-at="2022-04-07T15:20:27Z" duration-ms="1" status="PASS">
          <params>
            <param index="0">
              <value>
                <![CDATA[public void Heirachy.HC_Company_Creation_01.createCompnay() throws java.lang.Throwable]]>
              </value>
            </param>
          </params>
          <reporter-output>
          </reporter-output>
        </test-method> <!-- getFunctionName -->
        <test-method signature="createCompnay()[pri:2, instance:Heirachy.HC_Company_Creation_01@2cf3d63b]" started-at="2022-04-07T15:20:27Z" name="createCompnay" finished-at="2022-04-07T15:20:31Z" duration-ms="3772" status="FAIL">
          <exception class="org.openqa.selenium.NoSuchElementException">
            <message>
              <![CDATA[no such element: Unable to locate element: {"method":"xpath","selector":"//span[normalize-space()='Create Company']"}
  (Session info: chrome=100.0.4896.75)
For documentation on this error, please visit: https://selenium.dev/exceptions/#no_such_element
Build info: version: '4.0.0-rc-1', revision: 'bc5511cbda'
System info: host: 'Avirajs-MacBook-Air.local', ip: 'fe80:0:0:0:4af:86ff:abae:8236%en0', os.name: 'Mac OS X', os.arch: 'x86_64', os.version: '11.2', java.version: '16.0.2'
Driver info: org.openqa.selenium.chrome.ChromeDriver
Command: [b9f4d916976009791376c8f05f05db3f, findElement {using=xpath, value=//span[normalize-space()='Create Company']}]
Capabilities {acceptInsecureCerts: false, browserName: chrome, browserVersion: 100.0.4896.75, chrome: {chromedriverVersion: 100.0.4896.60 (6a5d10861ce8..., userDataDir: /var/folders/26/gxg2cjsd2dl...}, goog:chromeOptions: {debuggerAddress: localhost:58624}, javascriptEnabled: true, networkConnectionEnabled: false, pageLoadStrategy: normal, platform: MAC, platformName: MAC, proxy: Proxy(), se:cdp: ws://localhost:58624/devtoo..., se:cdpVersion: 100.0.4896.75, setWindowRect: true, strictFileInteractability: false, timeouts: {implicit: 0, pageLoad: 300000, script: 30000}, unhandledPromptBehavior: dismiss and notify, webauthn:extension:credBlob: true, webauthn:extension:largeBlob: true, webauthn:virtualAuthenticators: true}
Session ID: b9f4d916976009791376c8f05f05db3f]]>
            </message>
            <full-stacktrace>
              <![CDATA[org.openqa.selenium.NoSuchElementException: no such element: Unable to locate element: {"method":"xpath","selector":"//span[normalize-space()='Create Company']"}
  (Session info: chrome=100.0.4896.75)
For documentation on this error, please visit: https://selenium.dev/exceptions/#no_such_element
Build info: version: '4.0.0-rc-1', revision: 'bc5511cbda'
System info: host: 'Avirajs-MacBook-Air.local', ip: 'fe80:0:0:0:4af:86ff:abae:8236%en0', os.name: 'Mac OS X', os.arch: 'x86_64', os.version: '11.2', java.version: '16.0.2'
Driver info: org.openqa.selenium.chrome.ChromeDriver
Command: [b9f4d916976009791376c8f05f05db3f, findElement {using=xpath, value=//span[normalize-space()='Create Company']}]
Capabilities {acceptInsecureCerts: false, browserName: chrome, browserVersion: 100.0.4896.75, chrome: {chromedriverVersion: 100.0.4896.60 (6a5d10861ce8..., userDataDir: /var/folders/26/gxg2cjsd2dl...}, goog:chromeOptions: {debuggerAddress: localhost:58624}, javascriptEnabled: true, networkConnectionEnabled: false, pageLoadStrategy: normal, platform: MAC, platformName: MAC, proxy: Proxy(), se:cdp: ws://localhost:58624/devtoo..., se:cdpVersion: 100.0.4896.75, setWindowRect: true, strictFileInteractability: false, timeouts: {implicit: 0, pageLoad: 300000, script: 30000}, unhandledPromptBehavior: dismiss and notify, webauthn:extension:credBlob: true, webauthn:extension:largeBlob: true, webauthn:virtualAuthenticators: true}
Session ID: b9f4d916976009791376c8f05f05db3f
	at java.base/jdk.internal.reflect.NativeConstructorAccessorImpl.newInstance0(Native Method)
	at java.base/jdk.internal.reflect.NativeConstructorAccessorImpl.newInstance(NativeConstructorAccessorImpl.java:78)
	at java.base/jdk.internal.reflect.DelegatingConstructorAccessorImpl.newInstance(DelegatingConstructorAccessorImpl.java:45)
	at java.base/java.lang.reflect.Constructor.newInstanceWithCaller(Constructor.java:499)
	at java.base/java.lang.reflect.Constructor.newInstance(Constructor.java:480)
	at org.openqa.selenium.remote.codec.w3c.W3CHttpResponseCodec.createException(W3CHttpResponseCodec.java:200)
	at org.openqa.selenium.remote.codec.w3c.W3CHttpResponseCodec.decode(W3CHttpResponseCodec.java:133)
	at org.openqa.selenium.remote.codec.w3c.W3CHttpResponseCodec.decode(W3CHttpResponseCodec.java:53)
	at org.openqa.selenium.remote.HttpCommandExecutor.execute(HttpCommandExecutor.java:184)
	at org.openqa.selenium.remote.service.DriverCommandExecutor.invokeExecute(DriverCommandExecutor.java:164)
	at org.openqa.selenium.remote.service.DriverCommandExecutor.execute(DriverCommandExecutor.java:139)
	at org.openqa.selenium.remote.RemoteWebDriver.execute(RemoteWebDriver.java:559)
	at org.openqa.selenium.remote.ElementLocation$ElementFinder$2.findElement(ElementLocation.java:162)
	at org.openqa.selenium.remote.ElementLocation.findElement(ElementLocation.java:60)
	at org.openqa.selenium.remote.RemoteWebDriver.findElement(RemoteWebDriver.java:383)
	at org.openqa.selenium.remote.RemoteWebDriver.findElement(RemoteWebDriver.java:375)
	at java.base/jdk.internal.reflect.NativeMethodAccessorImpl.invoke0(Native Method)
	at java.base/jdk.internal.reflect.NativeMethodAccessorImpl.invoke(NativeMethodAccessorImpl.java:78)
	at java.base/jdk.internal.reflect.DelegatingMethodAccessorImpl.invoke(DelegatingMethodAccessorImpl.java:43)
	at java.base/java.lang.reflect.Method.invoke(Method.java:567)
	at org.openqa.selenium.support.events.EventFiringWebDriver.lambda$new$1(EventFiringWebDriver.java:115)
	at jdk.proxy2/jdk.proxy2.$Proxy17.findElement(Unknown Source)
	at org.openqa.selenium.support.events.EventFiringWebDriver.findElement(EventFiringWebDriver.java:204)
	at pages.CreateCompnayPage.applyCompanyDetails(CreateCompnayPage.java:82)
	at Heirachy.HC_Company_Creation_01.createCompnay(HC_Company_Creation_01.java:53)
	at java.base/jdk.internal.reflect.NativeMethodAccessorImpl.invoke0(Native Method)
	at java.base/jdk.internal.reflect.NativeMethodAccessorImpl.invoke(NativeMethodAccessorImpl.java:78)
	at java.base/jdk.internal.reflect.DelegatingMethodAccessorImpl.invoke(DelegatingMethodAccessorImpl.java:43)
	at java.base/java.lang.reflect.Method.invoke(Method.java:567)
	at org.testng.internal.MethodInvocationHelper.invokeMethod(MethodInvocationHelper.java:86)
	at org.testng.internal.Invoker.invokeMethod(Invoker.java:643)
	at org.testng.internal.Invoker.invokeTestMethod(Invoker.java:820)
	at org.testng.internal.Invoker.invokeTestMethods(Invoker.java:1128)
	at org.testng.internal.TestMethodWorker.invokeTestMethods(TestMethodWorker.java:129)
	at org.testng.internal.TestMethodWorker.run(TestMethodWorker.java:112)
	at org.testng.TestRunner.privateRun(TestRunner.java:782)
	at org.testng.TestRunner.run(TestRunner.java:632)
	at org.testng.SuiteRunner.runTest(SuiteRunner.java:366)
	at org.testng.SuiteRunner.runSequentially(SuiteRunner.java:361)
	at org.testng.SuiteRunner.privateRun(SuiteRunner.java:319)
	at org.testng.SuiteRunner.run(SuiteRunner.java:268)
	at org.testng.SuiteRunnerWorker.runSuite(SuiteRunnerWorker.java:52)
	at org.testng.SuiteRunnerWorker.run(SuiteRunnerWorker.java:86)
	at org.testng.TestNG.runSuitesSequentially(TestNG.java:1244)
	at org.testng.TestNG.runSuitesLocally(TestNG.java:1169)
	at org.testng.TestNG.run(TestNG.java:1064)
	at org.testng.remote.AbstractRemoteTestNG.run(AbstractRemoteTestNG.java:115)
	at org.testng.remote.RemoteTestNG.initAndRun(RemoteTestNG.java:251)
	at org.testng.remote.RemoteTestNG.main(RemoteTestNG.java:77)
]]>
            </full-stacktrace>
          </exception> <!-- org.openqa.selenium.NoSuchElementException -->
          <reporter-output>
            <line>
              <![CDATA[Trying to find Element By : By.xpath: //span[normalize-space()='Create Company']]]>
            </line>
            <line>
              <![CDATA[Exception occured: org.openqa.selenium.NoSuchElementException: no such element: Unable to locate element: {"method":"xpath","selector":"//span[normalize-space()='Create Company']"}
  (Session info: chrome=100.0.4896.75)
For documentation on this error, please visit: https://selenium.dev/exceptions/#no_such_element
Build info: version: '4.0.0-rc-1', revision: 'bc5511cbda'
System info: host: 'Avirajs-MacBook-Air.local', ip: 'fe80:0:0:0:4af:86ff:abae:8236%en0', os.name: 'Mac OS X', os.arch: 'x86_64', os.version: '11.2', java.version: '16.0.2'
Driver info: org.openqa.selenium.chrome.ChromeDriver
Command: [b9f4d916976009791376c8f05f05db3f, findElement {using=xpath, value=//span[normalize-space()='Create Company']}]
Capabilities {acceptInsecureCerts: false, browserName: chrome, browserVersion: 100.0.4896.75, chrome: {chromedriverVersion: 100.0.4896.60 (6a5d10861ce8..., userDataDir: /var/folders/26/gxg2cjsd2dl...}, goog:chromeOptions: {debuggerAddress: localhost:58624}, javascriptEnabled: true, networkConnectionEnabled: false, pageLoadStrategy: normal, platform: MAC, platformName: MAC, proxy: Proxy(), se:cdp: ws://localhost:58624/devtoo..., se:cdpVersion: 100.0.4896.75, setWindowRect: true, strictFileInteractability: false, timeouts: {implicit: 0, pageLoad: 300000, script: 30000}, unhandledPromptBehavior: dismiss and notify, webauthn:extension:credBlob: true, webauthn:extension:largeBlob: true, webauthn:virtualAuthenticators: true}
Session ID: b9f4d916976009791376c8f05f05db3f]]>
            </line>
          </reporter-output>
        </test-method> <!-- createCompnay -->
        <test-method is-config="true" signature="tearDown()[pri:0, instance:Heirachy.HC_Company_Creation_01@2cf3d63b]" started-at="2022-04-07T15:20:31Z" name="tearDown" finished-at="2022-04-07T15:20:31Z" duration-ms="0" status="FAIL">
          <exception class="java.lang.NoSuchMethodError">
            <message>
              <![CDATA['java.util.Optional org.openqa.selenium.devtools.HasDevTools.maybeGetDevTools()']]>
            </message>
            <full-stacktrace>
              <![CDATA[java.lang.NoSuchMethodError: 'java.util.Optional org.openqa.selenium.devtools.HasDevTools.maybeGetDevTools()'
	at org.openqa.selenium.remote.RemoteWebDriver.close(RemoteWebDriver.java:441)
	at java.base/jdk.internal.reflect.NativeMethodAccessorImpl.invoke0(Native Method)
	at java.base/jdk.internal.reflect.NativeMethodAccessorImpl.invoke(NativeMethodAccessorImpl.java:78)
	at java.base/jdk.internal.reflect.DelegatingMethodAccessorImpl.invoke(DelegatingMethodAccessorImpl.java:43)
	at java.base/java.lang.reflect.Method.invoke(Method.java:567)
	at org.openqa.selenium.support.events.EventFiringWebDriver.lambda$new$1(EventFiringWebDriver.java:115)
	at jdk.proxy2/jdk.proxy2.$Proxy17.close(Unknown Source)
	at org.openqa.selenium.support.events.EventFiringWebDriver.close(EventFiringWebDriver.java:216)
	at base.TestBase.tearDown(TestBase.java:198)
	at java.base/jdk.internal.reflect.NativeMethodAccessorImpl.invoke0(Native Method)
	at java.base/jdk.internal.reflect.NativeMethodAccessorImpl.invoke(NativeMethodAccessorImpl.java:78)
	at java.base/jdk.internal.reflect.DelegatingMethodAccessorImpl.invoke(DelegatingMethodAccessorImpl.java:43)
	at java.base/java.lang.reflect.Method.invoke(Method.java:567)
	at org.testng.internal.MethodInvocationHelper.invokeMethod(MethodInvocationHelper.java:86)
	at org.testng.internal.Invoker.invokeConfigurationMethod(Invoker.java:514)
	at org.testng.internal.Invoker.invokeConfigurations(Invoker.java:215)
	at org.testng.internal.Invoker.invokeConfigurations(Invoker.java:142)
	at org.testng.TestRunner.afterRun(TestRunner.java:1012)
	at org.testng.TestRunner.run(TestRunner.java:636)
	at org.testng.SuiteRunner.runTest(SuiteRunner.java:366)
	at org.testng.SuiteRunner.runSequentially(SuiteRunner.java:361)
	at org.testng.SuiteRunner.privateRun(SuiteRunner.java:319)
	at org.testng.SuiteRunner.run(SuiteRunner.java:268)
	at org.testng.SuiteRunnerWorker.runSuite(SuiteRunnerWorker.java:52)
	at org.testng.SuiteRunnerWorker.run(SuiteRunnerWorker.java:86)
	at org.testng.TestNG.runSuitesSequentially(TestNG.java:1244)
	at org.testng.TestNG.runSuitesLocally(TestNG.java:1169)
	at org.testng.TestNG.run(TestNG.java:1064)
	at org.testng.remote.AbstractRemoteTestNG.run(AbstractRemoteTestNG.java:115)
	at org.testng.remote.RemoteTestNG.initAndRun(RemoteTestNG.java:251)
	at org.testng.remote.RemoteTestNG.main(RemoteTestNG.java:77)
]]>
            </full-stacktrace>
          </exception> <!-- java.lang.NoSuchMethodError -->
          <reporter-output>
            <line>
              <![CDATA[Exception occured: java.lang.NoSuchMethodError: 'java.util.Optional org.openqa.selenium.devtools.HasDevTools.maybeGetDevTools()']]>
            </line>
          </reporter-output>
        </test-method> <!-- tearDown -->
      </class> <!-- Heirachy.HC_Company_Creation_01 -->
    </test> <!-- Test -->
  </suite> <!-- Suite -->
</testng-results>
